#
# There is insufficient memory for the Java Runtime Environment to continue.
# Native memory allocation (malloc) failed to allocate 461120 bytes for Chunk::new
# Possible reasons:
#   The system is out of physical RAM or swap space
#   In 32 bit mode, the process size limit was hit
# Possible solutions:
#   Reduce memory load on the system
#   Increase physical memory or swap space
#   Check if swap backing store is full
#   Use 64 bit Java on a 64 bit OS
#   Decrease Java heap size (-Xmx/-Xms)
#   Decrease number of Java threads
#   Decrease Java thread stack sizes (-Xss)
#   Set larger code cache with -XX:ReservedCodeCacheSize=
# This output file may be truncated or incomplete.
#
#  Out of Memory Error (allocation.cpp:390), pid=9696, tid=0x0000000000003170
#
# JRE version: OpenJDK Runtime Environment (8.0_152-b02) (build 1.8.0_152-release-1024-b02)
# Java VM: OpenJDK 64-Bit Server VM (25.152-b02 mixed mode windows-amd64 compressed oops)
# Failed to write core dump. Minidumps are not enabled by default on client versions of Windows
#

---------------  T H R E A D  ---------------

Current thread (0x000000001548b000):  JavaThread "C2 CompilerThread1" daemon [_thread_in_native, id=12656, stack(0x0000000016f70000,0x0000000017070000)]

Stack: [0x0000000016f70000,0x0000000017070000]
[error occurred during error reporting (printing stack bounds), id 0xc0000005]

Native frames: (J=compiled Java code, j=interpreted, Vv=VM code, C=native code)


Current CompileTask:
C2:  13097 1873       4       java.net.URLClassLoader$1::run (5 bytes)


---------------  P R O C E S S  ---------------

Java Threads: ( => current thread )
  0x0000000017624000 JavaThread "Cache worker for file hash cache (C:\Users\Tomica\AndroidStudioProjects\HappyMelodyApp\.gradle\4.4\fileHashes)" [_thread_blocked, id=8364, stack(0x000000001bf60000,0x000000001c060000)]
  0x0000000019e68000 JavaThread "File lock request listener" [_thread_in_native, id=12312, stack(0x000000001ae90000,0x000000001af90000)]
  0x000000001787c000 JavaThread "Cache worker for file hash cache (C:\Users\Tomica\.gradle\caches\4.4\fileHashes)" [_thread_blocked, id=800, stack(0x000000001ad90000,0x000000001ae90000)]
  0x0000000017964800 JavaThread "Stdin handler" [_thread_blocked, id=8388, stack(0x0000000019ac0000,0x0000000019bc0000)]
  0x0000000017963800 JavaThread "Asynchronous log dispatcher for DefaultDaemonConnection: socket connection from /127.0.0.1:59420 to /127.0.0.1:59421" [_thread_blocked, id=13528, stack(0x00000000199c0000,0x0000000019ac0000)]
  0x000000001796a000 JavaThread "Daemon worker" [_thread_in_native, id=8608, stack(0x00000000198c0000,0x00000000199c0000)]
  0x0000000017969000 JavaThread "Cancel handler" [_thread_blocked, id=5144, stack(0x00000000197c0000,0x00000000198c0000)]
  0x0000000016dab000 JavaThread "Handler for socket connection from /127.0.0.1:59420 to /127.0.0.1:59421" [_thread_in_native, id=9668, stack(0x00000000194c0000,0x00000000195c0000)]
  0x0000000017735000 JavaThread "Daemon" [_thread_blocked, id=1156, stack(0x00000000193c0000,0x00000000194c0000)]
  0x0000000017717800 JavaThread "Daemon periodic checks" [_thread_blocked, id=5632, stack(0x00000000192c0000,0x00000000193c0000)]
  0x00000000177df800 JavaThread "Incoming local TCP Connector on port 59420" [_thread_in_native, id=4112, stack(0x0000000019080000,0x0000000019180000)]
  0x0000000016b75000 JavaThread "Service Thread" daemon [_thread_blocked, id=6468, stack(0x0000000017170000,0x0000000017270000)]
  0x0000000016b70800 JavaThread "C1 CompilerThread2" daemon [_thread_blocked, id=8248, stack(0x0000000017070000,0x0000000017170000)]
=>0x000000001548b000 JavaThread "C2 CompilerThread1" daemon [_thread_in_native, id=12656, stack(0x0000000016f70000,0x0000000017070000)]
  0x0000000015437000 JavaThread "C2 CompilerThread0" daemon [_thread_in_native, id=14636, stack(0x0000000016a70000,0x0000000016b70000)]
  0x0000000015435800 JavaThread "Attach Listener" daemon [_thread_blocked, id=1164, stack(0x0000000016970000,0x0000000016a70000)]
  0x0000000015434800 JavaThread "Signal Dispatcher" daemon [_thread_blocked, id=10888, stack(0x0000000016870000,0x0000000016970000)]
  0x0000000015418800 JavaThread "Finalizer" daemon [_thread_blocked, id=10176, stack(0x0000000016680000,0x0000000016780000)]
  0x0000000002d51000 JavaThread "Reference Handler" daemon [_thread_blocked, id=10664, stack(0x0000000016580000,0x0000000016680000)]
  0x0000000002c5e000 JavaThread "main" [_thread_blocked, id=13576, stack(0x0000000002b50000,0x0000000002c50000)]

Other Threads:
  0x00000000153f4800 VMThread [stack: 0x0000000016480000,0x0000000016580000] [id=13984]
  0x0000000016b79000 WatcherThread [stack: 0x0000000017270000,0x0000000017370000] [id=12992]

VM state:not at safepoint (normal execution)

VM Mutex/Monitor currently owned by a thread: None

Heap:
 PSYoungGen      total 72704K, used 16557K [0x00000000eab00000, 0x00000000ef900000, 0x0000000100000000)
  eden space 65536K, 25% used [0x00000000eab00000,0x00000000ebb2b430,0x00000000eeb00000)
  from space 7168K, 0% used [0x00000000ef200000,0x00000000ef200000,0x00000000ef900000)
  to   space 7168K, 0% used [0x00000000eeb00000,0x00000000eeb00000,0x00000000ef200000)
 ParOldGen       total 34304K, used 8887K [0x00000000c0000000, 0x00000000c2180000, 0x00000000eab00000)
  object space 34304K, 25% used [0x00000000c0000000,0x00000000c08ade38,0x00000000c2180000)
 Metaspace       used 22708K, capacity 23220K, committed 23552K, reserved 1069056K
  class space    used 3080K, capacity 3237K, committed 3328K, reserved 1048576K

Card table byte_map: [0x0000000012120000,0x0000000012330000] byte_map_base: 0x0000000011b20000

Marking Bits: (ParMarkBitMap*) 0x000000005df54970
 Begin Bits: [0x0000000012890000, 0x0000000013890000)
 End Bits:   [0x0000000013890000, 0x0000000014890000)

Polling page: 0x00000000009f0000

CodeCache: size=245760Kb used=7072Kb max_used=7072Kb free=238687Kb
 bounds [0x0000000002d60000, 0x0000000003450000, 0x0000000011d60000]
 total_blobs=2432 nmethods=1804 adapters=542
 compilation: enabled

Compilation events (10 events):
Event: 12.849 Thread 0x0000000016b70800 1939       3       java.io.ObjectOutputStream$BlockDataOutputStream::writeBytes (144 bytes)
Event: 12.850 Thread 0x0000000016b70800 nmethod 1939 0x0000000003446d50 code [0x0000000003446f20, 0x0000000003447678]
Event: 12.850 Thread 0x0000000016b70800 1940       3       java.io.ObjectStreamClass::forClass (52 bytes)
Event: 12.855 Thread 0x0000000016b70800 nmethod 1940 0x0000000003447a50 code [0x0000000003447d80, 0x00000000034499e8]
Event: 12.859 Thread 0x0000000016b70800 1941       3       java.io.ObjectOutputStream$HandleTable::hash (8 bytes)
Event: 12.860 Thread 0x0000000016b70800 nmethod 1941 0x000000000344a790 code [0x000000000344a900, 0x000000000344aa88]
Event: 12.866 Thread 0x0000000016b70800 1942       3       java.io.ObjectStreamClass$Caches::access$200 (4 bytes)
Event: 12.866 Thread 0x0000000016b70800 nmethod 1942 0x000000000344ab10 code [0x000000000344ac60, 0x000000000344ad90]
Event: 12.996 Thread 0x0000000016b70800 1943       3       sun.reflect.generics.parser.SignatureParser::parseFieldTypeSignature (73 bytes)
Event: 12.997 Thread 0x0000000016b70800 nmethod 1943 0x000000000344b010 code [0x000000000344b200, 0x000000000344b6b8]

GC Heap History (10 events):
Event: 7.554 GC heap before
{Heap before GC invocations=5 (full 0):
 PSYoungGen      total 18944K, used 18912K [0x00000000eab00000, 0x00000000ec000000, 0x0000000100000000)
  eden space 16384K, 100% used [0x00000000eab00000,0x00000000ebb00000,0x00000000ebb00000)
  from space 2560K, 98% used [0x00000000ebd80000,0x00000000ebff8020,0x00000000ec000000)
  to   space 2560K, 0% used [0x00000000ebb00000,0x00000000ebb00000,0x00000000ebd80000)
 ParOldGen       total 44032K, used 2946K [0x00000000c0000000, 0x00000000c2b00000, 0x00000000eab00000)
  object space 44032K, 6% used [0x00000000c0000000,0x00000000c02e0958,0x00000000c2b00000)
 Metaspace       used 13044K, capacity 13426K, committed 13568K, reserved 1060864K
  class space    used 1776K, capacity 1929K, committed 2048K, reserved 1048576K
Event: 7.577 GC heap after
Heap after GC invocations=5 (full 0):
 PSYoungGen      total 18944K, used 2544K [0x00000000eab00000, 0x00000000ed600000, 0x0000000100000000)
  eden space 16384K, 0% used [0x00000000eab00000,0x00000000eab00000,0x00000000ebb00000)
  from space 2560K, 99% used [0x00000000ebb00000,0x00000000ebd7c010,0x00000000ebd80000)
  to   space 5632K, 0% used [0x00000000ed080000,0x00000000ed080000,0x00000000ed600000)
 ParOldGen       total 44032K, used 4750K [0x00000000c0000000, 0x00000000c2b00000, 0x00000000eab00000)
  object space 44032K, 10% used [0x00000000c0000000,0x00000000c04a3998,0x00000000c2b00000)
 Metaspace       used 13044K, capacity 13426K, committed 13568K, reserved 1060864K
  class space    used 1776K, capacity 1929K, committed 2048K, reserved 1048576K
}
Event: 8.310 GC heap before
{Heap before GC invocations=6 (full 0):
 PSYoungGen      total 18944K, used 18928K [0x00000000eab00000, 0x00000000ed600000, 0x0000000100000000)
  eden space 16384K, 100% used [0x00000000eab00000,0x00000000ebb00000,0x00000000ebb00000)
  from space 2560K, 99% used [0x00000000ebb00000,0x00000000ebd7c010,0x00000000ebd80000)
  to   space 5632K, 0% used [0x00000000ed080000,0x00000000ed080000,0x00000000ed600000)
 ParOldGen       total 44032K, used 4750K [0x00000000c0000000, 0x00000000c2b00000, 0x00000000eab00000)
  object space 44032K, 10% used [0x00000000c0000000,0x00000000c04a3998,0x00000000c2b00000)
 Metaspace       used 14508K, capacity 14806K, committed 14976K, reserved 1062912K
  class space    used 2026K, capacity 2155K, committed 2176K, reserved 1048576K
Event: 8.346 GC heap after
Heap after GC invocations=6 (full 0):
 PSYoungGen      total 38400K, used 4522K [0x00000000eab00000, 0x00000000ed600000, 0x0000000100000000)
  eden space 32768K, 0% used [0x00000000eab00000,0x00000000eab00000,0x00000000ecb00000)
  from space 5632K, 80% used [0x00000000ed080000,0x00000000ed4eab78,0x00000000ed600000)
  to   space 5632K, 0% used [0x00000000ecb00000,0x00000000ecb00000,0x00000000ed080000)
 ParOldGen       total 44032K, used 4750K [0x00000000c0000000, 0x00000000c2b00000, 0x00000000eab00000)
  object space 44032K, 10% used [0x00000000c0000000,0x00000000c04a3998,0x00000000c2b00000)
 Metaspace       used 14508K, capacity 14806K, committed 14976K, reserved 1062912K
  class space    used 2026K, capacity 2155K, committed 2176K, reserved 1048576K
}
Event: 10.721 GC heap before
{Heap before GC invocations=7 (full 0):
 PSYoungGen      total 38400K, used 37290K [0x00000000eab00000, 0x00000000ed600000, 0x0000000100000000)
  eden space 32768K, 100% used [0x00000000eab00000,0x00000000ecb00000,0x00000000ecb00000)
  from space 5632K, 80% used [0x00000000ed080000,0x00000000ed4eab78,0x00000000ed600000)
  to   space 5632K, 0% used [0x00000000ecb00000,0x00000000ecb00000,0x00000000ed080000)
 ParOldGen       total 44032K, used 4750K [0x00000000c0000000, 0x00000000c2b00000, 0x00000000eab00000)
  object space 44032K, 10% used [0x00000000c0000000,0x00000000c04a3998,0x00000000c2b00000)
 Metaspace       used 17775K, capacity 18160K, committed 18304K, reserved 1064960K
  class space    used 2551K, capacity 2686K, committed 2688K, reserved 1048576K
Event: 10.736 GC heap after
Heap after GC invocations=7 (full 0):
 PSYoungGen      total 38400K, used 5616K [0x00000000eab00000, 0x00000000ef900000, 0x0000000100000000)
  eden space 32768K, 0% used [0x00000000eab00000,0x00000000eab00000,0x00000000ecb00000)
  from space 5632K, 99% used [0x00000000ecb00000,0x00000000ed07c258,0x00000000ed080000)
  to   space 7168K, 0% used [0x00000000ef200000,0x00000000ef200000,0x00000000ef900000)
 ParOldGen       total 44032K, used 6200K [0x00000000c0000000, 0x00000000c2b00000, 0x00000000eab00000)
  object space 44032K, 14% used [0x00000000c0000000,0x00000000c060e310,0x00000000c2b00000)
 Metaspace       used 17775K, capacity 18160K, committed 18304K, reserved 1064960K
  class space    used 2551K, capacity 2686K, committed 2688K, reserved 1048576K
}
Event: 11.491 GC heap before
{Heap before GC invocations=8 (full 0):
 PSYoungGen      total 38400K, used 18712K [0x00000000eab00000, 0x00000000ef900000, 0x0000000100000000)
  eden space 32768K, 39% used [0x00000000eab00000,0x00000000eb7c9fa8,0x00000000ecb00000)
  from space 5632K, 99% used [0x00000000ecb00000,0x00000000ed07c258,0x00000000ed080000)
  to   space 7168K, 0% used [0x00000000ef200000,0x00000000ef200000,0x00000000ef900000)
 ParOldGen       total 44032K, used 6200K [0x00000000c0000000, 0x00000000c2b00000, 0x00000000eab00000)
  object space 44032K, 14% used [0x00000000c0000000,0x00000000c060e310,0x00000000c2b00000)
 Metaspace       used 20869K, capacity 21200K, committed 21248K, reserved 1067008K
  class space    used 2908K, capacity 3038K, committed 3072K, reserved 1048576K
Event: 11.509 GC heap after
Heap after GC invocations=8 (full 0):
 PSYoungGen      total 72704K, used 4990K [0x00000000eab00000, 0x00000000ef900000, 0x0000000100000000)
  eden space 65536K, 0% used [0x00000000eab00000,0x00000000eab00000,0x00000000eeb00000)
  from space 7168K, 69% used [0x00000000ef200000,0x00000000ef6dfba0,0x00000000ef900000)
  to   space 7168K, 0% used [0x00000000eeb00000,0x00000000eeb00000,0x00000000ef200000)
 ParOldGen       total 44032K, used 7272K [0x00000000c0000000, 0x00000000c2b00000, 0x00000000eab00000)
  object space 44032K, 16% used [0x00000000c0000000,0x00000000c071a3a0,0x00000000c2b00000)
 Metaspace       used 20869K, capacity 21200K, committed 21248K, reserved 1067008K
  class space    used 2908K, capacity 3038K, committed 3072K, reserved 1048576K
}
Event: 11.509 GC heap before
{Heap before GC invocations=9 (full 1):
 PSYoungGen      total 72704K, used 4990K [0x00000000eab00000, 0x00000000ef900000, 0x0000000100000000)
  eden space 65536K, 0% used [0x00000000eab00000,0x00000000eab00000,0x00000000eeb00000)
  from space 7168K, 69% used [0x00000000ef200000,0x00000000ef6dfba0,0x00000000ef900000)
  to   space 7168K, 0% used [0x00000000eeb00000,0x00000000eeb00000,0x00000000ef200000)
 ParOldGen       total 44032K, used 7272K [0x00000000c0000000, 0x00000000c2b00000, 0x00000000eab00000)
  object space 44032K, 16% used [0x00000000c0000000,0x00000000c071a3a0,0x00000000c2b00000)
 Metaspace       used 20869K, capacity 21200K, committed 21248K, reserved 1067008K
  class space    used 2908K, capacity 3038K, committed 3072K, reserved 1048576K
Event: 11.624 GC heap after
Heap after GC invocations=9 (full 1):
 PSYoungGen      total 72704K, used 0K [0x00000000eab00000, 0x00000000ef900000, 0x0000000100000000)
  eden space 65536K, 0% used [0x00000000eab00000,0x00000000eab00000,0x00000000eeb00000)
  from space 7168K, 0% used [0x00000000ef200000,0x00000000ef200000,0x00000000ef900000)
  to   space 7168K, 0% used [0x00000000eeb00000,0x00000000eeb00000,0x00000000ef200000)
 ParOldGen       total 34304K, used 8887K [0x00000000c0000000, 0x00000000c2180000, 0x00000000eab00000)
  object space 34304K, 25% used [0x00000000c0000000,0x00000000c08ade38,0x00000000c2180000)
 Metaspace       used 20869K, capacity 21200K, committed 21248K, reserved 1067008K
  class space    used 2908K, capacity 3038K, committed 3072K, reserved 1048576K
}

Deoptimization events (10 events):
Event: 10.239 Thread 0x000000001796a000 Uncommon trap: reason=bimorphic action=maybe_recompile pc=0x00000000031d48b4 method=java.lang.ClassLoader.loadClass(Ljava/lang/String;Z)Ljava/lang/Class; @ 38
Event: 10.241 Thread 0x000000001796a000 Uncommon trap: reason=bimorphic action=maybe_recompile pc=0x00000000031d48b4 method=java.lang.ClassLoader.loadClass(Ljava/lang/String;Z)Ljava/lang/Class; @ 38
Event: 10.247 Thread 0x000000001796a000 Uncommon trap: reason=bimorphic action=maybe_recompile pc=0x00000000031d48b4 method=java.lang.ClassLoader.loadClass(Ljava/lang/String;Z)Ljava/lang/Class; @ 38
Event: 11.757 Thread 0x000000001796a000 Uncommon trap: reason=unstable_if action=reinterpret pc=0x0000000003037d00 method=java.lang.AbstractStringBuilder.append(Ljava/lang/String;)Ljava/lang/AbstractStringBuilder; @ 1
Event: 11.757 Thread 0x000000001796a000 Uncommon trap: reason=unstable_if action=reinterpret pc=0x0000000002f6757c method=java.lang.AbstractStringBuilder.append(Ljava/lang/String;)Ljava/lang/AbstractStringBuilder; @ 1
Event: 12.003 Thread 0x000000001796a000 Uncommon trap: reason=class_check action=maybe_recompile pc=0x0000000002f27f00 method=sun.misc.URLClassPath.getLoader(I)Lsun/misc/URLClassPath$Loader; @ 94
Event: 12.003 Thread 0x000000001796a000 Uncommon trap: reason=class_check action=maybe_recompile pc=0x00000000032cf4c0 method=sun.misc.URLClassPath.getResource(Ljava/lang/String;Z)Lsun/misc/Resource; @ 62
Event: 12.010 Thread 0x000000001796a000 Uncommon trap: reason=unstable_if action=reinterpret pc=0x00000000032f0314 method=java.lang.ClassLoader.getClassLoadingLock(Ljava/lang/String;)Ljava/lang/Object; @ 6
Event: 12.201 Thread 0x000000001796a000 Uncommon trap: reason=class_check action=maybe_recompile pc=0x0000000002f280fc method=sun.misc.URLClassPath.getLoader(I)Lsun/misc/URLClassPath$Loader; @ 239
Event: 12.269 Thread 0x000000001796a000 Uncommon trap: reason=class_check action=maybe_recompile pc=0x0000000002f280fc method=sun.misc.URLClassPath.getLoader(I)Lsun/misc/URLClassPath$Loader; @ 239

Classes redefined (0 events):
No events

Internal exceptions (10 events):
Event: 12.646 Thread 0x000000001796a000 Exception <a 'java/lang/ClassNotFoundException': org/gradle/initialization/DefaultSettings_DecoratedBeanInfo> (0x00000000eb79d1e0) thrown at [D:\src\AOSP-openjdk-cygwin\jdk8u\hotspot\src\share\vm\classfile\systemDictionary.cpp, line 210]
Event: 12.685 Thread 0x000000001796a000 Exception <a 'java/lang/ClassNotFoundException': org/gradle/initialization/DefaultSettingsBeanInfo> (0x00000000eb7bf770) thrown at [D:\src\AOSP-openjdk-cygwin\jdk8u\hotspot\src\share\vm\classfile\systemDictionary.cpp, line 210]
Event: 12.687 Thread 0x000000001796a000 Exception <a 'java/lang/ClassNotFoundException': org/gradle/api/internal/project/AbstractPluginAwareBeanInfo> (0x00000000eb7e6f30) thrown at [D:\src\AOSP-openjdk-cygwin\jdk8u\hotspot\src\share\vm\classfile\systemDictionary.cpp, line 210]
Event: 12.689 Thread 0x000000001796a000 Exception <a 'java/lang/ClassNotFoundException': org/gradle/api/internal/project/AbstractPluginAwareCustomizer> (0x00000000eb80f070) thrown at [D:\src\AOSP-openjdk-cygwin\jdk8u\hotspot\src\share\vm\classfile\systemDictionary.cpp, line 210]
Event: 12.709 Thread 0x000000001796a000 Exception <a 'java/lang/ClassNotFoundException': org/gradle/initialization/DefaultSettingsCustomizer> (0x00000000eb83ae20) thrown at [D:\src\AOSP-openjdk-cygwin\jdk8u\hotspot\src\share\vm\classfile\systemDictionary.cpp, line 210]
Event: 12.725 Thread 0x000000001796a000 Exception <a 'java/lang/ClassNotFoundException': org/gradle/initialization/DefaultSettings_DecoratedCustomizer> (0x00000000eb896d40) thrown at [D:\src\AOSP-openjdk-cygwin\jdk8u\hotspot\src\share\vm\classfile\systemDictionary.cpp, line 210]
Event: 12.801 Thread 0x000000001796a000 Exception <a 'java/lang/NoSuchMethodError': <clinit>> (0x00000000eb94b490) thrown at [D:\src\AOSP-openjdk-cygwin\jdk8u\hotspot\src\share\vm\prims\jni.cpp, line 1613]
Event: 12.815 Thread 0x000000001796a000 Exception <a 'java/lang/NoSuchMethodError': <clinit>> (0x00000000eb970d18) thrown at [D:\src\AOSP-openjdk-cygwin\jdk8u\hotspot\src\share\vm\prims\jni.cpp, line 1613]
Event: 12.815 Thread 0x000000001796a000 Exception <a 'java/lang/NoSuchMethodError': <clinit>> (0x00000000eb9721d0) thrown at [D:\src\AOSP-openjdk-cygwin\jdk8u\hotspot\src\share\vm\prims\jni.cpp, line 1613]
Event: 12.816 Thread 0x000000001796a000 Exception <a 'java/lang/NoSuchMethodError': <clinit>> (0x00000000eb973f30) thrown at [D:\src\AOSP-openjdk-cygwin\jdk8u\hotspot\src\share\vm\prims\jni.cpp, line 1613]

Events (10 events):
Event: 12.986 loading class org/gradle/api/internal/project/DefaultProject
Event: 12.986 loading class org/gradle/api/internal/project/DefaultProject done
Event: 12.994 loading class org/gradle/internal/service/scopes/GradleScopeServices$5
Event: 12.994 loading class org/gradle/internal/service/scopes/GradleScopeServices$5 done
Event: 13.002 loading class org/gradle/api/CircularReferenceException
Event: 13.002 loading class org/gradle/api/CircularReferenceException done
Event: 13.003 loading class org/gradle/api/file/ProjectLayout
Event: 13.003 loading class org/gradle/api/file/ProjectLayout done
Event: 13.006 loading class org/gradle/api/ProjectState
Event: 13.006 loading class org/gradle/api/ProjectState done


Dynamic libraries:
0x00007ff7bd4a0000 - 0x00007ff7bd4d1000 	C:\Program Files\Android\Android Studio\jre\bin\java.exe
0x00007ffe2e1b0000 - 0x00007ffe2e391000 	C:\WINDOWS\SYSTEM32\ntdll.dll
0x00007ffe2b810000 - 0x00007ffe2b8c2000 	C:\WINDOWS\System32\KERNEL32.DLL
0x00007ffe2b180000 - 0x00007ffe2b3f3000 	C:\WINDOWS\System32\KERNELBASE.dll
0x00007ffe2b8d0000 - 0x00007ffe2b971000 	C:\WINDOWS\System32\ADVAPI32.dll
0x00007ffe2da50000 - 0x00007ffe2daee000 	C:\WINDOWS\System32\msvcrt.dll
0x00007ffe2c190000 - 0x00007ffe2c1eb000 	C:\WINDOWS\System32\sechost.dll
0x00007ffe2b980000 - 0x00007ffe2baa4000 	C:\WINDOWS\System32\RPCRT4.dll
0x00007ffe2bc80000 - 0x00007ffe2be10000 	C:\WINDOWS\System32\USER32.dll
0x00007ffe2b400000 - 0x00007ffe2b420000 	C:\WINDOWS\System32\win32u.dll
0x00007ffe2daf0000 - 0x00007ffe2db18000 	C:\WINDOWS\System32\GDI32.dll
0x00007ffe2acf0000 - 0x00007ffe2ae82000 	C:\WINDOWS\System32\gdi32full.dll
0x00007ffe2b520000 - 0x00007ffe2b5bf000 	C:\WINDOWS\System32\msvcp_win.dll
0x00007ffe2ae90000 - 0x00007ffe2af8a000 	C:\WINDOWS\System32\ucrtbase.dll
0x00007ffe1a800000 - 0x00007ffe1aa69000 	C:\WINDOWS\WinSxS\amd64_microsoft.windows.common-controls_6595b64144ccf1df_6.0.17134.165_none_fb429645306569ac\COMCTL32.dll
0x00007ffe2d720000 - 0x00007ffe2da43000 	C:\WINDOWS\System32\combase.dll
0x00007ffe2b5c0000 - 0x00007ffe2b63a000 	C:\WINDOWS\System32\bcryptPrimitives.dll
0x00007ffe2bc50000 - 0x00007ffe2bc7d000 	C:\WINDOWS\System32\IMM32.DLL
0x000000005ec60000 - 0x000000005ed32000 	C:\Program Files\Android\Android Studio\jre\jre\bin\msvcr100.dll
0x000000005d790000 - 0x000000005dfcf000 	C:\Program Files\Android\Android Studio\jre\jre\bin\server\jvm.dll
0x00007ffe2b6a0000 - 0x00007ffe2b6a8000 	C:\WINDOWS\System32\PSAPI.DLL
0x00007ffe26730000 - 0x00007ffe26739000 	C:\WINDOWS\SYSTEM32\WSOCK32.dll
0x00007ffe283f0000 - 0x00007ffe28413000 	C:\WINDOWS\SYSTEM32\WINMM.dll
0x00007ffe2bee0000 - 0x00007ffe2bf4c000 	C:\WINDOWS\System32\WS2_32.dll
0x00007ffe26b40000 - 0x00007ffe26b4a000 	C:\WINDOWS\SYSTEM32\VERSION.dll
0x00007ffe283c0000 - 0x00007ffe283ea000 	C:\WINDOWS\SYSTEM32\WINMMBASE.dll
0x00007ffe2b4d0000 - 0x00007ffe2b519000 	C:\WINDOWS\System32\cfgmgr32.dll
0x00007ffe25ea0000 - 0x00007ffe25eaf000 	C:\Program Files\Android\Android Studio\jre\jre\bin\verify.dll
0x00007ffe18770000 - 0x00007ffe18799000 	C:\Program Files\Android\Android Studio\jre\jre\bin\java.dll
0x00007ffe19630000 - 0x00007ffe19646000 	C:\Program Files\Android\Android Studio\jre\jre\bin\zip.dll
0x00007ffe2c2e0000 - 0x00007ffe2d720000 	C:\WINDOWS\System32\SHELL32.dll
0x00007ffe2c070000 - 0x00007ffe2c119000 	C:\WINDOWS\System32\shcore.dll
0x00007ffe2a580000 - 0x00007ffe2ac8d000 	C:\WINDOWS\System32\windows.storage.dll
0x00007ffe2c010000 - 0x00007ffe2c061000 	C:\WINDOWS\System32\shlwapi.dll
0x00007ffe2a540000 - 0x00007ffe2a551000 	C:\WINDOWS\System32\kernel.appcore.dll
0x00007ffe2a560000 - 0x00007ffe2a57f000 	C:\WINDOWS\System32\profapi.dll
0x00007ffe2a4c0000 - 0x00007ffe2a50c000 	C:\WINDOWS\System32\powrprof.dll
0x00007ffe2a510000 - 0x00007ffe2a51a000 	C:\WINDOWS\System32\FLTLIB.DLL
0x00007ffe186a0000 - 0x00007ffe186ba000 	C:\Program Files\Android\Android Studio\jre\jre\bin\net.dll
0x00007ffe29ce0000 - 0x00007ffe29d46000 	C:\WINDOWS\system32\mswsock.dll
0x00007ffe24760000 - 0x00007ffe24771000 	C:\Program Files\Android\Android Studio\jre\jre\bin\nio.dll
0x00007ffe19d30000 - 0x00007ffe19d4e000 	C:\Users\Tomica\.gradle\native\25\windows-amd64\native-platform.dll
0x00007ffe284a0000 - 0x00007ffe284ad000 	C:\Program Files\Android\Android Studio\jre\jre\bin\management.dll
0x00007ffe29e90000 - 0x00007ffe29ea7000 	C:\WINDOWS\SYSTEM32\CRYPTSP.dll
0x00007ffe298c0000 - 0x00007ffe298f3000 	C:\WINDOWS\system32\rsaenh.dll
0x00007ffe29fc0000 - 0x00007ffe29fe5000 	C:\WINDOWS\SYSTEM32\bcrypt.dll
0x00007ffe2a3c0000 - 0x00007ffe2a3e8000 	C:\WINDOWS\SYSTEM32\USERENV.dll
0x00007ffe29eb0000 - 0x00007ffe29ebb000 	C:\WINDOWS\SYSTEM32\CRYPTBASE.dll
0x00007ffe29a60000 - 0x00007ffe29a98000 	C:\WINDOWS\SYSTEM32\IPHLPAPI.DLL
0x00007ffe2dca0000 - 0x00007ffe2dca8000 	C:\WINDOWS\System32\NSI.dll
0x00007ffe26b00000 - 0x00007ffe26b16000 	C:\WINDOWS\SYSTEM32\dhcpcsvc6.DLL
0x00007ffe26ae0000 - 0x00007ffe26afa000 	C:\WINDOWS\SYSTEM32\dhcpcsvc.DLL

VM Arguments:
jvm_args: -Xmx1024m -Dfile.encoding=windows-1252 -Duser.country=US -Duser.language=en -Duser.variant 
java_command: org.gradle.launcher.daemon.bootstrap.GradleDaemon 4.4
java_class_path (initial): C:\Users\Tomica\.gradle\wrapper\dists\gradle-4.4-all\9br9xq1tocpiv8o6njlyu5op1\gradle-4.4\lib\gradle-launcher-4.4.jar
Launcher Type: SUN_STANDARD

Environment Variables:
PATH=C:\ProgramData\Oracle\Java\javapath;C:\Program Files (x86)\Lenovo\FusionEngine;C:\Program Files (x86)\Intel\TXE Components\TCS\;C:\Program Files\Intel\TXE Components\TCS\;C:\WINDOWS\system32;C:\WINDOWS;C:\WINDOWS\System32\Wbem;C:\WINDOWS\System32\WindowsPowerShell\v1.0\;C:\Program Files\Intel\WiFi\bin\;C:\Program Files\Common Files\Intel\WirelessCommon\;C:\Program Files (x86)\Common Files\lenovo\easyplussdk\bin;C:\Program Files (x86)\QuickTime\QTSystem\;C:\MinGW\bin\;C:\Program Files (x86)\Notepad++;C:\Program Files (x86)\Windows Live\Shared;C:\Program Files\dotnet\;C:\WINDOWS\System32\OpenSSH\;C:\Users\Tomica\AppData\Local\Microsoft\WindowsApps
USERNAME=Tomica
OS=Windows_NT
PROCESSOR_IDENTIFIER=Intel64 Family 6 Model 55 Stepping 8, GenuineIntel



---------------  S Y S T E M  ---------------

OS: Windows 10.0 , 64 bit Build 17134 (10.0.17134.1)

CPU:total 4 (initial active 4) (4 cores per cpu, 1 threads per core) family 6 model 55 stepping 8, cmov, cx8, fxsr, mmx, sse, sse2, sse3, ssse3, sse4.1, sse4.2, popcnt, clmul, erms, 3dnowpref, tsc, tscinvbit

Memory: 4k page, physical 4074708k(560240k free), swap 5501140k(1688k free)

vm_info: OpenJDK 64-Bit Server VM (25.152-b02) for windows-amd64 JRE (1.8.0_152-release-1024-b02), built by "builder" with MS VC++ 10.0 (VS2010)

time: Sun Sep 02 14:43:53 2018
elapsed time: 13 seconds (0d 0h 0m 13s)

