#
# There is insufficient memory for the Java Runtime Environment to continue.
# Native memory allocation (malloc) failed to allocate 2349136 bytes for Chunk::new
# Possible reasons:
#   The system is out of physical RAM or swap space
#   In 32 bit mode, the process size limit was hit
# Possible solutions:
#   Reduce memory load on the system
#   Increase physical memory or swap space
#   Check if swap backing store is full
#   Use 64 bit Java on a 64 bit OS
#   Decrease Java heap size (-Xmx/-Xms)
#   Decrease number of Java threads
#   Decrease Java thread stack sizes (-Xss)
#   Set larger code cache with -XX:ReservedCodeCacheSize=
# This output file may be truncated or incomplete.
#
#  Out of Memory Error (allocation.cpp:390), pid=13012, tid=0x000000000000083c
#
# JRE version: OpenJDK Runtime Environment (8.0_152-b02) (build 1.8.0_152-release-1024-b02)
# Java VM: OpenJDK 64-Bit Server VM (25.152-b02 mixed mode windows-amd64 compressed oops)
# Failed to write core dump. Minidumps are not enabled by default on client versions of Windows
#

---------------  T H R E A D  ---------------

Current thread (0x0000000016977800):  JavaThread "C2 CompilerThread0" daemon [_thread_in_native, id=2108, stack(0x0000000017fc0000,0x00000000180c0000)]

Stack: [0x0000000017fc0000,0x00000000180c0000]
[error occurred during error reporting (printing stack bounds), id 0xc0000005]

Native frames: (J=compiled Java code, j=interpreted, Vv=VM code, C=native code)


Current CompileTask:
C2:  21044 1385       4       java.net.URLClassLoader$1::run (5 bytes)


---------------  P R O C E S S  ---------------

Java Threads: ( => current thread )
  0x0000000019b1c000 JavaThread "File lock request listener" [_thread_in_native, id=8072, stack(0x000000001c3e0000,0x000000001c4e0000)]
  0x000000001a077800 JavaThread "Cache worker for file hash cache (C:\Users\Tomica\.gradle\caches\4.4\fileHashes)" [_thread_blocked, id=2600, stack(0x000000001c2e0000,0x000000001c3e0000)]
  0x00000000184eb800 JavaThread "Stdin handler" [_thread_blocked, id=8328, stack(0x000000001b010000,0x000000001b110000)]
  0x00000000184e9800 JavaThread "Asynchronous log dispatcher for DefaultDaemonConnection: socket connection from /127.0.0.1:59217 to /127.0.0.1:59218" [_thread_blocked, id=15184, stack(0x000000001af10000,0x000000001b010000)]
  0x00000000184e0800 JavaThread "Daemon worker" [_thread_in_native, id=12924, stack(0x000000001ae10000,0x000000001af10000)]
  0x00000000184df800 JavaThread "Cancel handler" [_thread_blocked, id=9624, stack(0x000000001ad10000,0x000000001ae10000)]
  0x00000000183f1000 JavaThread "Handler for socket connection from /127.0.0.1:59217 to /127.0.0.1:59218" [_thread_in_native, id=4100, stack(0x000000001aa10000,0x000000001ab10000)]
  0x0000000018c16800 JavaThread "Daemon" [_thread_blocked, id=7552, stack(0x000000001a910000,0x000000001aa10000)]
  0x00000000183da800 JavaThread "Daemon periodic checks" [_thread_blocked, id=5660, stack(0x000000001a810000,0x000000001a910000)]
  0x000000001980f800 JavaThread "Incoming local TCP Connector on port 59217" [_thread_in_native, id=12052, stack(0x000000001a5d0000,0x000000001a6d0000)]
  0x00000000182c0800 JavaThread "Service Thread" daemon [_thread_blocked, id=15008, stack(0x00000000186c0000,0x00000000187c0000)]
  0x0000000016982800 JavaThread "C1 CompilerThread2" daemon [_thread_blocked, id=9560, stack(0x00000000181c0000,0x00000000182c0000)]
  0x000000001696c800 JavaThread "C2 CompilerThread1" daemon [_thread_blocked, id=6336, stack(0x00000000180c0000,0x00000000181c0000)]
=>0x0000000016977800 JavaThread "C2 CompilerThread0" daemon [_thread_in_native, id=2108, stack(0x0000000017fc0000,0x00000000180c0000)]
  0x0000000016976800 JavaThread "Attach Listener" daemon [_thread_blocked, id=8964, stack(0x0000000017ec0000,0x0000000017fc0000)]
  0x0000000016975800 JavaThread "Signal Dispatcher" daemon [_thread_blocked, id=2972, stack(0x0000000017dc0000,0x0000000017ec0000)]
  0x0000000016958800 JavaThread "Finalizer" daemon [_thread_blocked, id=5520, stack(0x0000000017bd0000,0x0000000017cd0000)]
  0x0000000002ff3000 JavaThread "Reference Handler" daemon [_thread_blocked, id=11716, stack(0x0000000017ad0000,0x0000000017bd0000)]
  0x0000000002d9d800 JavaThread "main" [_thread_blocked, id=13520, stack(0x0000000002e00000,0x0000000002f00000)]

Other Threads:
  0x0000000016934800 VMThread [stack: 0x00000000179d0000,0x0000000017ad0000] [id=4736]
  0x00000000182c2800 WatcherThread [stack: 0x00000000187c0000,0x00000000188c0000] [id=9964]

VM state:not at safepoint (normal execution)

VM Mutex/Monitor currently owned by a thread: None

Heap:
 PSYoungGen      total 35328K, used 35143K [0x00000000e0000000, 0x00000000e2500000, 0x0000000100000000)
  eden space 32768K, 99% used [0x00000000e0000000,0x00000000e1fd5d08,0x00000000e2000000)
  from space 2560K, 99% used [0x00000000e2280000,0x00000000e24fc010,0x00000000e2500000)
  to   space 2560K, 0% used [0x00000000e2000000,0x00000000e2000000,0x00000000e2280000)
 ParOldGen       total 44032K, used 2911K [0x00000000a0000000, 0x00000000a2b00000, 0x00000000e0000000)
  object space 44032K, 6% used [0x00000000a0000000,0x00000000a02d7c80,0x00000000a2b00000)
 Metaspace       used 14438K, capacity 14710K, committed 14976K, reserved 1062912K
  class space    used 2015K, capacity 2123K, committed 2176K, reserved 1048576K

Card table byte_map: [0x00000000123c0000,0x00000000126d0000] byte_map_base: 0x0000000011ec0000

Marking Bits: (ParMarkBitMap*) 0x000000005df54970
 Begin Bits: [0x0000000012cd0000, 0x00000000144d0000)
 End Bits:   [0x00000000144d0000, 0x0000000015cd0000)

Polling page: 0x0000000000bf0000

CodeCache: size=245760Kb used=4748Kb max_used=4748Kb free=241011Kb
 bounds [0x0000000003000000, 0x00000000034b0000, 0x0000000012000000]
 total_blobs=1728 nmethods=1361 adapters=281
 compilation: enabled

Compilation events (10 events):
Event: 19.441 Thread 0x0000000016982800 1388       3       java.lang.reflect.Field::copy (76 bytes)
Event: 19.442 Thread 0x0000000016982800 nmethod 1388 0x000000000349f3d0 code [0x000000000349f560, 0x000000000349f8b8]
Event: 19.471 Thread 0x0000000016982800 1389       3       java.lang.Long::valueOf (36 bytes)
Event: 19.472 Thread 0x0000000016982800 nmethod 1389 0x00000000034a4590 code [0x00000000034a4700, 0x00000000034a4a70]
Event: 19.533 Thread 0x0000000016982800 1390       1       java.util.concurrent.locks.AbstractQueuedSynchronizer::getState (5 bytes)
Event: 19.533 Thread 0x0000000016982800 nmethod 1390 0x000000000349f110 code [0x000000000349f260, 0x000000000349f370]
Event: 19.577 Thread 0x0000000016982800 1391       1       java.util.concurrent.locks.AbstractOwnableSynchronizer::getExclusiveOwnerThread (5 bytes)
Event: 19.577 Thread 0x0000000016982800 nmethod 1391 0x000000000349edd0 code [0x000000000349ef20, 0x000000000349f030]
Event: 20.721 Thread 0x0000000016982800 1392       3       java.util.concurrent.locks.AbstractOwnableSynchronizer::setExclusiveOwnerThread (6 bytes)
Event: 20.722 Thread 0x0000000016982800 nmethod 1392 0x00000000034a4c50 code [0x00000000034a4da0, 0x00000000034a4f10]

GC Heap History (8 events):
Event: 1.646 GC heap before
{Heap before GC invocations=1 (full 0):
 PSYoungGen      total 18944K, used 16384K [0x00000000e0000000, 0x00000000e1500000, 0x0000000100000000)
  eden space 16384K, 100% used [0x00000000e0000000,0x00000000e1000000,0x00000000e1000000)
  from space 2560K, 0% used [0x00000000e1280000,0x00000000e1280000,0x00000000e1500000)
  to   space 2560K, 0% used [0x00000000e1000000,0x00000000e1000000,0x00000000e1280000)
 ParOldGen       total 44032K, used 0K [0x00000000a0000000, 0x00000000a2b00000, 0x00000000e0000000)
  object space 44032K, 0% used [0x00000000a0000000,0x00000000a0000000,0x00000000a2b00000)
 Metaspace       used 5723K, capacity 5854K, committed 5888K, reserved 1056768K
  class space    used 700K, capacity 747K, committed 768K, reserved 1048576K
Event: 1.659 GC heap after
Heap after GC invocations=1 (full 0):
 PSYoungGen      total 18944K, used 2537K [0x00000000e0000000, 0x00000000e1500000, 0x0000000100000000)
  eden space 16384K, 0% used [0x00000000e0000000,0x00000000e0000000,0x00000000e1000000)
  from space 2560K, 99% used [0x00000000e1000000,0x00000000e127a5a8,0x00000000e1280000)
  to   space 2560K, 0% used [0x00000000e1280000,0x00000000e1280000,0x00000000e1500000)
 ParOldGen       total 44032K, used 352K [0x00000000a0000000, 0x00000000a2b00000, 0x00000000e0000000)
  object space 44032K, 0% used [0x00000000a0000000,0x00000000a0058240,0x00000000a2b00000)
 Metaspace       used 5723K, capacity 5854K, committed 5888K, reserved 1056768K
  class space    used 700K, capacity 747K, committed 768K, reserved 1048576K
}
Event: 2.797 GC heap before
{Heap before GC invocations=2 (full 0):
 PSYoungGen      total 18944K, used 18921K [0x00000000e0000000, 0x00000000e1500000, 0x0000000100000000)
  eden space 16384K, 100% used [0x00000000e0000000,0x00000000e1000000,0x00000000e1000000)
  from space 2560K, 99% used [0x00000000e1000000,0x00000000e127a5a8,0x00000000e1280000)
  to   space 2560K, 0% used [0x00000000e1280000,0x00000000e1280000,0x00000000e1500000)
 ParOldGen       total 44032K, used 352K [0x00000000a0000000, 0x00000000a2b00000, 0x00000000e0000000)
  object space 44032K, 0% used [0x00000000a0000000,0x00000000a0058240,0x00000000a2b00000)
 Metaspace       used 6584K, capacity 6766K, committed 7040K, reserved 1056768K
  class space    used 804K, capacity 875K, committed 896K, reserved 1048576K
Event: 2.823 GC heap after
Heap after GC invocations=2 (full 0):
 PSYoungGen      total 18944K, used 2424K [0x00000000e0000000, 0x00000000e2500000, 0x0000000100000000)
  eden space 16384K, 0% used [0x00000000e0000000,0x00000000e0000000,0x00000000e1000000)
  from space 2560K, 94% used [0x00000000e1280000,0x00000000e14de3c0,0x00000000e1500000)
  to   space 2560K, 0% used [0x00000000e1000000,0x00000000e1000000,0x00000000e1280000)
 ParOldGen       total 44032K, used 360K [0x00000000a0000000, 0x00000000a2b00000, 0x00000000e0000000)
  object space 44032K, 0% used [0x00000000a0000000,0x00000000a005a240,0x00000000a2b00000)
 Metaspace       used 6584K, capacity 6766K, committed 7040K, reserved 1056768K
  class space    used 804K, capacity 875K, committed 896K, reserved 1048576K
}
Event: 4.194 GC heap before
{Heap before GC invocations=3 (full 0):
 PSYoungGen      total 18944K, used 18808K [0x00000000e0000000, 0x00000000e2500000, 0x0000000100000000)
  eden space 16384K, 100% used [0x00000000e0000000,0x00000000e1000000,0x00000000e1000000)
  from space 2560K, 94% used [0x00000000e1280000,0x00000000e14de3c0,0x00000000e1500000)
  to   space 2560K, 0% used [0x00000000e1000000,0x00000000e1000000,0x00000000e1280000)
 ParOldGen       total 44032K, used 360K [0x00000000a0000000, 0x00000000a2b00000, 0x00000000e0000000)
  object space 44032K, 0% used [0x00000000a0000000,0x00000000a005a240,0x00000000a2b00000)
 Metaspace       used 6922K, capacity 7112K, committed 7424K, reserved 1056768K
  class space    used 874K, capacity 948K, committed 1024K, reserved 1048576K
Event: 4.208 GC heap after
Heap after GC invocations=3 (full 0):
 PSYoungGen      total 18944K, used 2532K [0x00000000e0000000, 0x00000000e2500000, 0x0000000100000000)
  eden space 16384K, 0% used [0x00000000e0000000,0x00000000e0000000,0x00000000e1000000)
  from space 2560K, 98% used [0x00000000e1000000,0x00000000e1279388,0x00000000e1280000)
  to   space 2560K, 0% used [0x00000000e2280000,0x00000000e2280000,0x00000000e2500000)
 ParOldGen       total 44032K, used 592K [0x00000000a0000000, 0x00000000a2b00000, 0x00000000e0000000)
  object space 44032K, 1% used [0x00000000a0000000,0x00000000a00942d8,0x00000000a2b00000)
 Metaspace       used 6922K, capacity 7112K, committed 7424K, reserved 1056768K
  class space    used 874K, capacity 948K, committed 1024K, reserved 1048576K
}
Event: 9.811 GC heap before
{Heap before GC invocations=4 (full 0):
 PSYoungGen      total 18944K, used 18916K [0x00000000e0000000, 0x00000000e2500000, 0x0000000100000000)
  eden space 16384K, 100% used [0x00000000e0000000,0x00000000e1000000,0x00000000e1000000)
  from space 2560K, 98% used [0x00000000e1000000,0x00000000e1279388,0x00000000e1280000)
  to   space 2560K, 0% used [0x00000000e2280000,0x00000000e2280000,0x00000000e2500000)
 ParOldGen       total 44032K, used 592K [0x00000000a0000000, 0x00000000a2b00000, 0x00000000e0000000)
  object space 44032K, 1% used [0x00000000a0000000,0x00000000a00942d8,0x00000000a2b00000)
 Metaspace       used 11566K, capacity 11868K, committed 12160K, reserved 1060864K
  class space    used 1528K, capacity 1632K, committed 1664K, reserved 1048576K
Event: 9.823 GC heap after
Heap after GC invocations=4 (full 0):
 PSYoungGen      total 35328K, used 2544K [0x00000000e0000000, 0x00000000e2500000, 0x0000000100000000)
  eden space 32768K, 0% used [0x00000000e0000000,0x00000000e0000000,0x00000000e2000000)
  from space 2560K, 99% used [0x00000000e2280000,0x00000000e24fc010,0x00000000e2500000)
  to   space 2560K, 0% used [0x00000000e2000000,0x00000000e2000000,0x00000000e2280000)
 ParOldGen       total 44032K, used 2911K [0x00000000a0000000, 0x00000000a2b00000, 0x00000000e0000000)
  object space 44032K, 6% used [0x00000000a0000000,0x00000000a02d7c80,0x00000000a2b00000)
 Metaspace       used 11566K, capacity 11868K, committed 12160K, reserved 1060864K
  class space    used 1528K, capacity 1632K, committed 1664K, reserved 1048576K
}

Deoptimization events (10 events):
Event: 4.338 Thread 0x0000000002d9d800 Uncommon trap: reason=bimorphic action=maybe_recompile pc=0x00000000032ff2e0 method=java.util.HashMap.putVal(ILjava/lang/Object;Ljava/lang/Object;ZZ)Ljava/lang/Object; @ 91
Event: 4.339 Thread 0x0000000002d9d800 Uncommon trap: reason=unstable_if action=reinterpret pc=0x000000000325d8f8 method=java.util.HashMap.getNode(ILjava/lang/Object;)Ljava/util/HashMap$Node; @ 62
Event: 4.339 Thread 0x0000000002d9d800 Uncommon trap: reason=bimorphic action=maybe_recompile pc=0x00000000032ff2e0 method=java.util.HashMap.putVal(ILjava/lang/Object;Ljava/lang/Object;ZZ)Ljava/lang/Object; @ 91
Event: 4.344 Thread 0x0000000002d9d800 Uncommon trap: reason=bimorphic action=maybe_recompile pc=0x00000000032ff2e0 method=java.util.HashMap.putVal(ILjava/lang/Object;Ljava/lang/Object;ZZ)Ljava/lang/Object; @ 91
Event: 4.348 Thread 0x0000000002d9d800 Uncommon trap: reason=bimorphic action=maybe_recompile pc=0x00000000032ff2e0 method=java.util.HashMap.putVal(ILjava/lang/Object;Ljava/lang/Object;ZZ)Ljava/lang/Object; @ 91
Event: 5.781 Thread 0x0000000002d9d800 Uncommon trap: reason=unstable_if action=reinterpret pc=0x000000000329f66c method=java.io.WinNTFileSystem.normalize(Ljava/lang/String;)Ljava/lang/String; @ 128
Event: 5.781 Thread 0x0000000002d9d800 Uncommon trap: reason=unstable_if action=reinterpret pc=0x000000000330b210 method=java.io.WinNTFileSystem.normalize(Ljava/lang/String;II)Ljava/lang/String; @ 90
Event: 9.794 Thread 0x00000000183f1000 Uncommon trap: reason=unstable_if action=reinterpret pc=0x00000000033a65c4 method=java.util.concurrent.ConcurrentHashMap.putVal(Ljava/lang/Object;Ljava/lang/Object;Z)Ljava/lang/Object; @ 206
Event: 10.136 Thread 0x00000000184e0800 Uncommon trap: reason=class_check action=maybe_recompile pc=0x0000000003268fac method=java.util.regex.Matcher.match(II)Z @ 86
Event: 19.156 Thread 0x00000000184e0800 Uncommon trap: reason=class_check action=maybe_recompile pc=0x0000000003268fac method=java.util.regex.Matcher.match(II)Z @ 86

Classes redefined (0 events):
No events

Internal exceptions (10 events):
Event: 9.856 Thread 0x00000000183f1000 Exception <a 'java/lang/NoSuchMethodError': <clinit>> (0x00000000e0069ea0) thrown at [D:\src\AOSP-openjdk-cygwin\jdk8u\hotspot\src\share\vm\prims\jni.cpp, line 1613]
Event: 9.863 Thread 0x00000000183f1000 Exception <a 'java/lang/NoSuchMethodError': <clinit>> (0x00000000e00819e8) thrown at [D:\src\AOSP-openjdk-cygwin\jdk8u\hotspot\src\share\vm\prims\jni.cpp, line 1613]
Event: 9.866 Thread 0x00000000183f1000 Exception <a 'java/lang/NoSuchMethodError': <clinit>> (0x00000000e008a4b0) thrown at [D:\src\AOSP-openjdk-cygwin\jdk8u\hotspot\src\share\vm\prims\jni.cpp, line 1613]
Event: 9.871 Thread 0x00000000183f1000 Exception <a 'java/lang/NoSuchMethodError': <clinit>> (0x00000000e009bb30) thrown at [D:\src\AOSP-openjdk-cygwin\jdk8u\hotspot\src\share\vm\prims\jni.cpp, line 1613]
Event: 9.917 Thread 0x00000000183f1000 Exception <a 'java/lang/NoSuchMethodError': <clinit>> (0x00000000e011e940) thrown at [D:\src\AOSP-openjdk-cygwin\jdk8u\hotspot\src\share\vm\prims\jni.cpp, line 1613]
Event: 9.933 Thread 0x00000000183f1000 Exception <a 'java/lang/NoSuchMethodError': <clinit>> (0x00000000e0142270) thrown at [D:\src\AOSP-openjdk-cygwin\jdk8u\hotspot\src\share\vm\prims\jni.cpp, line 1613]
Event: 9.948 Thread 0x00000000183f1000 Exception <a 'java/lang/NoSuchMethodError': <clinit>> (0x00000000e015d1d0) thrown at [D:\src\AOSP-openjdk-cygwin\jdk8u\hotspot\src\share\vm\prims\jni.cpp, line 1613]
Event: 9.960 Thread 0x00000000183f1000 Exception <a 'java/lang/NoSuchMethodError': <clinit>> (0x00000000e01804c0) thrown at [D:\src\AOSP-openjdk-cygwin\jdk8u\hotspot\src\share\vm\prims\jni.cpp, line 1613]
Event: 10.025 Thread 0x00000000184e0800 Exception <a 'java/lang/NoSuchMethodError': <clinit>> (0x00000000e02f4f80) thrown at [D:\src\AOSP-openjdk-cygwin\jdk8u\hotspot\src\share\vm\prims\jni.cpp, line 1613]
Event: 10.028 Thread 0x00000000184e0800 Exception <a 'java/lang/NoSuchMethodError': <clinit>> (0x00000000e02fd208) thrown at [D:\src\AOSP-openjdk-cygwin\jdk8u\hotspot\src\share\vm\prims\jni.cpp, line 1613]

Events (10 events):
Event: 20.688 loading class org/gradle/api/internal/file/FileCollectionVisitor
Event: 20.688 loading class org/gradle/api/internal/file/FileCollectionVisitor done
Event: 20.689 loading class org/gradle/api/internal/changedetection/state/VisitingFileCollectionSnapshotBuilder
Event: 20.689 loading class org/gradle/api/internal/changedetection/state/VisitingFileCollectionSnapshotBuilder done
Event: 20.719 loading class org/gradle/api/internal/changedetection/state/FileCollectionSnapshotBuilder
Event: 20.719 loading class org/gradle/api/internal/changedetection/state/FileCollectionSnapshotBuilder done
Event: 20.721 loading class org/gradle/api/internal/changedetection/state/DefaultClasspathSnapshotter
Event: 20.721 loading class org/gradle/api/internal/changedetection/state/DefaultClasspathSnapshotter done
Event: 20.742 loading class org/gradle/caching/internal/BuildCacheHasher
Event: 20.742 loading class org/gradle/caching/internal/BuildCacheHasher done


Dynamic libraries:
0x00007ff7bd4a0000 - 0x00007ff7bd4d1000 	C:\Program Files\Android\Android Studio\jre\bin\java.exe
0x00007ffe2e1b0000 - 0x00007ffe2e391000 	C:\WINDOWS\SYSTEM32\ntdll.dll
0x00007ffe2b810000 - 0x00007ffe2b8c2000 	C:\WINDOWS\System32\KERNEL32.DLL
0x00007ffe2b180000 - 0x00007ffe2b3f3000 	C:\WINDOWS\System32\KERNELBASE.dll
0x00007ffe2b8d0000 - 0x00007ffe2b971000 	C:\WINDOWS\System32\ADVAPI32.dll
0x00007ffe2da50000 - 0x00007ffe2daee000 	C:\WINDOWS\System32\msvcrt.dll
0x00007ffe2c190000 - 0x00007ffe2c1eb000 	C:\WINDOWS\System32\sechost.dll
0x00007ffe2b980000 - 0x00007ffe2baa4000 	C:\WINDOWS\System32\RPCRT4.dll
0x00007ffe2bc80000 - 0x00007ffe2be10000 	C:\WINDOWS\System32\USER32.dll
0x00007ffe2b400000 - 0x00007ffe2b420000 	C:\WINDOWS\System32\win32u.dll
0x00007ffe2daf0000 - 0x00007ffe2db18000 	C:\WINDOWS\System32\GDI32.dll
0x00007ffe2acf0000 - 0x00007ffe2ae82000 	C:\WINDOWS\System32\gdi32full.dll
0x00007ffe2b520000 - 0x00007ffe2b5bf000 	C:\WINDOWS\System32\msvcp_win.dll
0x00007ffe2ae90000 - 0x00007ffe2af8a000 	C:\WINDOWS\System32\ucrtbase.dll
0x00007ffe1a800000 - 0x00007ffe1aa69000 	C:\WINDOWS\WinSxS\amd64_microsoft.windows.common-controls_6595b64144ccf1df_6.0.17134.165_none_fb429645306569ac\COMCTL32.dll
0x00007ffe2d720000 - 0x00007ffe2da43000 	C:\WINDOWS\System32\combase.dll
0x00007ffe2b5c0000 - 0x00007ffe2b63a000 	C:\WINDOWS\System32\bcryptPrimitives.dll
0x00007ffe2bc50000 - 0x00007ffe2bc7d000 	C:\WINDOWS\System32\IMM32.DLL
0x000000005eb50000 - 0x000000005ec22000 	C:\Program Files\Android\Android Studio\jre\jre\bin\msvcr100.dll
0x000000005d790000 - 0x000000005dfcf000 	C:\Program Files\Android\Android Studio\jre\jre\bin\server\jvm.dll
0x00007ffe2b6a0000 - 0x00007ffe2b6a8000 	C:\WINDOWS\System32\PSAPI.DLL
0x00007ffe26730000 - 0x00007ffe26739000 	C:\WINDOWS\SYSTEM32\WSOCK32.dll
0x00007ffe283f0000 - 0x00007ffe28413000 	C:\WINDOWS\SYSTEM32\WINMM.dll
0x00007ffe26b40000 - 0x00007ffe26b4a000 	C:\WINDOWS\SYSTEM32\VERSION.dll
0x00007ffe2bee0000 - 0x00007ffe2bf4c000 	C:\WINDOWS\System32\WS2_32.dll
0x00007ffe283c0000 - 0x00007ffe283ea000 	C:\WINDOWS\SYSTEM32\WINMMBASE.dll
0x00007ffe2b4d0000 - 0x00007ffe2b519000 	C:\WINDOWS\System32\cfgmgr32.dll
0x00007ffe25ea0000 - 0x00007ffe25eaf000 	C:\Program Files\Android\Android Studio\jre\jre\bin\verify.dll
0x00007ffe18770000 - 0x00007ffe18799000 	C:\Program Files\Android\Android Studio\jre\jre\bin\java.dll
0x00007ffe19630000 - 0x00007ffe19646000 	C:\Program Files\Android\Android Studio\jre\jre\bin\zip.dll
0x00007ffe2c2e0000 - 0x00007ffe2d720000 	C:\WINDOWS\System32\SHELL32.dll
0x00007ffe2c070000 - 0x00007ffe2c119000 	C:\WINDOWS\System32\shcore.dll
0x00007ffe2a580000 - 0x00007ffe2ac8d000 	C:\WINDOWS\System32\windows.storage.dll
0x00007ffe2c010000 - 0x00007ffe2c061000 	C:\WINDOWS\System32\shlwapi.dll
0x00007ffe2a540000 - 0x00007ffe2a551000 	C:\WINDOWS\System32\kernel.appcore.dll
0x00007ffe2a560000 - 0x00007ffe2a57f000 	C:\WINDOWS\System32\profapi.dll
0x00007ffe2a4c0000 - 0x00007ffe2a50c000 	C:\WINDOWS\System32\powrprof.dll
0x00007ffe2a510000 - 0x00007ffe2a51a000 	C:\WINDOWS\System32\FLTLIB.DLL
0x00007ffe186a0000 - 0x00007ffe186ba000 	C:\Program Files\Android\Android Studio\jre\jre\bin\net.dll
0x00007ffe29ce0000 - 0x00007ffe29d46000 	C:\WINDOWS\system32\mswsock.dll
0x00007ffe24760000 - 0x00007ffe24771000 	C:\Program Files\Android\Android Studio\jre\jre\bin\nio.dll
0x00007ffe17ae0000 - 0x00007ffe17afe000 	C:\Users\Tomica\.gradle\native\25\windows-amd64\native-platform.dll
0x00007ffe23e80000 - 0x00007ffe23e8d000 	C:\Program Files\Android\Android Studio\jre\jre\bin\management.dll
0x00007ffe29e90000 - 0x00007ffe29ea7000 	C:\WINDOWS\SYSTEM32\CRYPTSP.dll
0x00007ffe298c0000 - 0x00007ffe298f3000 	C:\WINDOWS\system32\rsaenh.dll
0x00007ffe29fc0000 - 0x00007ffe29fe5000 	C:\WINDOWS\SYSTEM32\bcrypt.dll
0x00007ffe2a3c0000 - 0x00007ffe2a3e8000 	C:\WINDOWS\SYSTEM32\USERENV.dll
0x00007ffe29eb0000 - 0x00007ffe29ebb000 	C:\WINDOWS\SYSTEM32\CRYPTBASE.dll
0x00007ffe29a60000 - 0x00007ffe29a98000 	C:\WINDOWS\SYSTEM32\IPHLPAPI.DLL
0x00007ffe2dca0000 - 0x00007ffe2dca8000 	C:\WINDOWS\System32\NSI.dll
0x00007ffe26b00000 - 0x00007ffe26b16000 	C:\WINDOWS\SYSTEM32\dhcpcsvc6.DLL
0x00007ffe26ae0000 - 0x00007ffe26afa000 	C:\WINDOWS\SYSTEM32\dhcpcsvc.DLL

VM Arguments:
jvm_args: -Xmx1536m -Dfile.encoding=windows-1252 -Duser.country=US -Duser.language=en -Duser.variant 
java_command: org.gradle.launcher.daemon.bootstrap.GradleDaemon 4.4
java_class_path (initial): C:\Users\Tomica\.gradle\wrapper\dists\gradle-4.4-all\9br9xq1tocpiv8o6njlyu5op1\gradle-4.4\lib\gradle-launcher-4.4.jar
Launcher Type: SUN_STANDARD

Environment Variables:
PATH=C:\ProgramData\Oracle\Java\javapath;C:\Program Files (x86)\Lenovo\FusionEngine;C:\Program Files (x86)\Intel\TXE Components\TCS\;C:\Program Files\Intel\TXE Components\TCS\;C:\WINDOWS\system32;C:\WINDOWS;C:\WINDOWS\System32\Wbem;C:\WINDOWS\System32\WindowsPowerShell\v1.0\;C:\Program Files\Intel\WiFi\bin\;C:\Program Files\Common Files\Intel\WirelessCommon\;C:\Program Files (x86)\Common Files\lenovo\easyplussdk\bin;C:\Program Files (x86)\QuickTime\QTSystem\;C:\MinGW\bin\;C:\Program Files (x86)\Notepad++;C:\Program Files (x86)\Windows Live\Shared;C:\Program Files\dotnet\;C:\WINDOWS\System32\OpenSSH\;C:\Users\Tomica\AppData\Local\Microsoft\WindowsApps
USERNAME=Tomica
OS=Windows_NT
PROCESSOR_IDENTIFIER=Intel64 Family 6 Model 55 Stepping 8, GenuineIntel



---------------  S Y S T E M  ---------------

OS: Windows 10.0 , 64 bit Build 17134 (10.0.17134.1)

CPU:total 4 (initial active 4) (4 cores per cpu, 1 threads per core) family 6 model 55 stepping 8, cmov, cx8, fxsr, mmx, sse, sse2, sse3, ssse3, sse4.1, sse4.2, popcnt, clmul, erms, 3dnowpref, tsc, tscinvbit

Memory: 4k page, physical 4074708k(558356k free), swap 5501140k(7300k free)

vm_info: OpenJDK 64-Bit Server VM (25.152-b02) for windows-amd64 JRE (1.8.0_152-release-1024-b02), built by "builder" with MS VC++ 10.0 (VS2010)

time: Sun Sep 02 14:30:05 2018
elapsed time: 21 seconds (0d 0h 0m 21s)

