#
# There is insufficient memory for the Java Runtime Environment to continue.
# Native memory allocation (malloc) failed to allocate 303088 bytes for Chunk::new
# Possible reasons:
#   The system is out of physical RAM or swap space
#   In 32 bit mode, the process size limit was hit
# Possible solutions:
#   Reduce memory load on the system
#   Increase physical memory or swap space
#   Check if swap backing store is full
#   Use 64 bit Java on a 64 bit OS
#   Decrease Java heap size (-Xmx/-Xms)
#   Decrease number of Java threads
#   Decrease Java thread stack sizes (-Xss)
#   Set larger code cache with -XX:ReservedCodeCacheSize=
# This output file may be truncated or incomplete.
#
#  Out of Memory Error (allocation.cpp:390), pid=14292, tid=0x0000000000002660
#
# JRE version: OpenJDK Runtime Environment (8.0_152-b02) (build 1.8.0_152-release-1024-b02)
# Java VM: OpenJDK 64-Bit Server VM (25.152-b02 mixed mode windows-amd64 compressed oops)
# Failed to write core dump. Minidumps are not enabled by default on client versions of Windows
#

---------------  T H R E A D  ---------------

Current thread (0x0000000015aa0000):  JavaThread "C2 CompilerThread1" daemon [_thread_in_native, id=9824, stack(0x0000000017200000,0x0000000017300000)]

Stack: [0x0000000017200000,0x0000000017300000]
[error occurred during error reporting (printing stack bounds), id 0xc0000005]

Native frames: (J=compiled Java code, j=interpreted, Vv=VM code, C=native code)


Current CompileTask:
C2:  44894 3504   !   4       java.lang.reflect.Executable::sharedToString (102 bytes)


---------------  P R O C E S S  ---------------

Java Threads: ( => current thread )
  0x000000001bd7b000 JavaThread "Memory manager" [_thread_blocked, id=12476, stack(0x0000000020050000,0x0000000020150000)]
  0x000000001bd78800 JavaThread "build operations Thread 4" [_thread_blocked, id=13052, stack(0x000000001f850000,0x000000001f950000)]
  0x000000001bd77000 JavaThread "build operations Thread 3" [_thread_blocked, id=5828, stack(0x000000001f750000,0x000000001f850000)]
  0x000000001bd75800 JavaThread "build operations Thread 2" [_thread_blocked, id=11276, stack(0x000000001f650000,0x000000001f750000)]
  0x000000001bd76800 JavaThread "build operations" [_thread_blocked, id=9468, stack(0x000000001f550000,0x000000001f650000)]
  0x000000001bd7a000 JavaThread "Cache worker for Artifact transforms cache (C:\Users\Tomica\.gradle\caches\transforms-1)" [_thread_blocked, id=6576, stack(0x000000001ed40000,0x000000001ee40000)]
  0x0000000019089000 JavaThread "Cache worker for file hash cache (C:\Users\Tomica\AndroidStudioProjects\HappyMelodyApp\.gradle\4.4\fileHashes)" [_thread_blocked, id=5256, stack(0x000000001b620000,0x000000001b720000)]
  0x0000000018b0d800 JavaThread "File lock request listener" [_thread_in_native, id=5048, stack(0x000000001a550000,0x000000001a650000)]
  0x0000000017c9a000 JavaThread "Cache worker for file hash cache (C:\Users\Tomica\.gradle\caches\4.4\fileHashes)" [_thread_blocked, id=11972, stack(0x000000001a450000,0x000000001a550000)]
  0x0000000018135000 JavaThread "Stdin handler" [_thread_blocked, id=896, stack(0x000000001a150000,0x000000001a250000)]
  0x0000000017ddf000 JavaThread "Asynchronous log dispatcher for DefaultDaemonConnection: socket connection from /127.0.0.1:59414 to /127.0.0.1:59415" [_thread_blocked, id=9376, stack(0x000000001a050000,0x000000001a150000)]
  0x00000000174c9000 JavaThread "Daemon worker" [_thread_in_native, id=5580, stack(0x0000000019f50000,0x000000001a050000)]
  0x0000000017fd2800 JavaThread "Cancel handler" [_thread_blocked, id=5520, stack(0x0000000019e50000,0x0000000019f50000)]
  0x0000000017cf7000 JavaThread "Handler for socket connection from /127.0.0.1:59414 to /127.0.0.1:59415" [_thread_in_native, id=5480, stack(0x0000000019b50000,0x0000000019c50000)]
  0x0000000017f5f800 JavaThread "Daemon" [_thread_blocked, id=14620, stack(0x0000000019a50000,0x0000000019b50000)]
  0x0000000017568800 JavaThread "Daemon periodic checks" [_thread_blocked, id=4988, stack(0x0000000019950000,0x0000000019a50000)]
  0x00000000180c9000 JavaThread "Incoming local TCP Connector on port 59414" [_thread_in_native, id=520, stack(0x0000000019710000,0x0000000019810000)]
  0x0000000017421000 JavaThread "Service Thread" daemon [_thread_blocked, id=12572, stack(0x0000000017800000,0x0000000017900000)]
  0x0000000015aca000 JavaThread "C1 CompilerThread2" daemon [_thread_blocked, id=12328, stack(0x0000000017300000,0x0000000017400000)]
=>0x0000000015aa0000 JavaThread "C2 CompilerThread1" daemon [_thread_in_native, id=9824, stack(0x0000000017200000,0x0000000017300000)]
  0x0000000015a98000 JavaThread "C2 CompilerThread0" daemon [_thread_in_native, id=12816, stack(0x0000000017100000,0x0000000017200000)]
  0x0000000015aa5800 JavaThread "Attach Listener" daemon [_thread_blocked, id=7768, stack(0x0000000017000000,0x0000000017100000)]
  0x0000000015aa4800 JavaThread "Signal Dispatcher" daemon [_thread_blocked, id=1760, stack(0x0000000016f00000,0x0000000017000000)]
  0x00000000033cc000 JavaThread "Finalizer" daemon [_thread_blocked, id=10216, stack(0x0000000016d00000,0x0000000016e00000)]
  0x00000000033c1000 JavaThread "Reference Handler" daemon [_thread_blocked, id=10924, stack(0x0000000016c00000,0x0000000016d00000)]
  0x000000000306e000 JavaThread "main" [_thread_blocked, id=9080, stack(0x00000000031d0000,0x00000000032d0000)]

Other Threads:
  0x0000000015a65800 VMThread [stack: 0x0000000016b00000,0x0000000016c00000] [id=14812]
  0x0000000017425800 WatcherThread [stack: 0x0000000017900000,0x0000000017a00000] [id=6788]

VM state:not at safepoint (normal execution)

VM Mutex/Monitor currently owned by a thread: None

Heap:
 PSYoungGen      total 136192K, used 48405K [0x00000000eab00000, 0x00000000f4400000, 0x0000000100000000)
  eden space 127488K, 37% used [0x00000000eab00000,0x00000000eda45458,0x00000000f2780000)
  from space 8704K, 0% used [0x00000000f2780000,0x00000000f2780000,0x00000000f3000000)
  to   space 11776K, 0% used [0x00000000f3880000,0x00000000f3880000,0x00000000f4400000)
 ParOldGen       total 57856K, used 19130K [0x00000000c0000000, 0x00000000c3880000, 0x00000000eab00000)
  object space 57856K, 33% used [0x00000000c0000000,0x00000000c12ae8b8,0x00000000c3880000)
 Metaspace       used 36743K, capacity 37422K, committed 37632K, reserved 1081344K
  class space    used 5028K, capacity 5265K, committed 5376K, reserved 1048576K

Card table byte_map: [0x0000000012790000,0x00000000129a0000] byte_map_base: 0x0000000012190000

Marking Bits: (ParMarkBitMap*) 0x000000005df54970
 Begin Bits: [0x0000000012f00000, 0x0000000013f00000)
 End Bits:   [0x0000000013f00000, 0x0000000014f00000)

Polling page: 0x0000000003070000

CodeCache: size=245760Kb used=11546Kb max_used=11546Kb free=234213Kb
 bounds [0x00000000033d0000, 0x0000000003f20000, 0x00000000123d0000]
 total_blobs=4061 nmethods=3360 adapters=615
 compilation: enabled

Compilation events (10 events):
Event: 44.804 Thread 0x0000000015aca000 nmethod 3654 0x0000000003558a50 code [0x0000000003558bc0, 0x0000000003558d48]
Event: 44.804 Thread 0x0000000015aca000 3655       3       com.google.common.collect.RegularImmutableSet::iterator (5 bytes)
Event: 44.804 Thread 0x0000000015aca000 nmethod 3655 0x0000000003f01d50 code [0x0000000003f01ec0, 0x0000000003f021a8]
Event: 44.804 Thread 0x0000000015aca000 3657   !   3       java.util.Locale::getDefault (132 bytes)
Event: 44.805 Thread 0x0000000015aca000 nmethod 3657 0x0000000003f022d0 code [0x0000000003f024a0, 0x0000000003f02cb8]
Event: 44.805 Thread 0x0000000015aca000 3659       3       java.util.Formatter::parse (151 bytes)
Event: 44.810 Thread 0x0000000015aca000 nmethod 3659 0x0000000003f02f10 code [0x0000000003f03320, 0x0000000003f05a18]
Event: 44.810 Thread 0x0000000015aca000 3656       3       com.google.common.collect.RegularImmutableSet::iterator (8 bytes)
Event: 44.811 Thread 0x0000000015aca000 nmethod 3656 0x0000000003f07050 code [0x0000000003f071c0, 0x0000000003f073c8]
Event: 44.811 Thread 0x0000000015aca000 3658       3       java.util.Locale::equals (75 bytes)

GC Heap History (10 events):
Event: 19.257 GC heap before
{Heap before GC invocations=7 (full 0):
 PSYoungGen      total 71168K, used 20685K [0x00000000eab00000, 0x00000000efa00000, 0x0000000100000000)
  eden space 64512K, 21% used [0x00000000eab00000,0x00000000eb8b5ed0,0x00000000eea00000)
  from space 6656K, 99% used [0x00000000ef180000,0x00000000ef7fd810,0x00000000ef800000)
  to   space 7680K, 0% used [0x00000000eea00000,0x00000000eea00000,0x00000000ef180000)
 ParOldGen       total 44032K, used 6608K [0x00000000c0000000, 0x00000000c2b00000, 0x00000000eab00000)
  object space 44032K, 15% used [0x00000000c0000000,0x00000000c0674160,0x00000000c2b00000)
 Metaspace       used 20815K, capacity 21200K, committed 21248K, reserved 1067008K
  class space    used 2901K, capacity 3038K, committed 3072K, reserved 1048576K
Event: 19.274 GC heap after
Heap after GC invocations=7 (full 0):
 PSYoungGen      total 72192K, used 5571K [0x00000000eab00000, 0x00000000f3900000, 0x0000000100000000)
  eden space 64512K, 0% used [0x00000000eab00000,0x00000000eab00000,0x00000000eea00000)
  from space 7680K, 72% used [0x00000000eea00000,0x00000000eef70cb8,0x00000000ef180000)
  to   space 8192K, 0% used [0x00000000f3100000,0x00000000f3100000,0x00000000f3900000)
 ParOldGen       total 44032K, used 7489K [0x00000000c0000000, 0x00000000c2b00000, 0x00000000eab00000)
  object space 44032K, 17% used [0x00000000c0000000,0x00000000c0750738,0x00000000c2b00000)
 Metaspace       used 20815K, capacity 21200K, committed 21248K, reserved 1067008K
  class space    used 2901K, capacity 3038K, committed 3072K, reserved 1048576K
}
Event: 19.274 GC heap before
{Heap before GC invocations=8 (full 1):
 PSYoungGen      total 72192K, used 5571K [0x00000000eab00000, 0x00000000f3900000, 0x0000000100000000)
  eden space 64512K, 0% used [0x00000000eab00000,0x00000000eab00000,0x00000000eea00000)
  from space 7680K, 72% used [0x00000000eea00000,0x00000000eef70cb8,0x00000000ef180000)
  to   space 8192K, 0% used [0x00000000f3100000,0x00000000f3100000,0x00000000f3900000)
 ParOldGen       total 44032K, used 7489K [0x00000000c0000000, 0x00000000c2b00000, 0x00000000eab00000)
  object space 44032K, 17% used [0x00000000c0000000,0x00000000c0750738,0x00000000c2b00000)
 Metaspace       used 20815K, capacity 21200K, committed 21248K, reserved 1067008K
  class space    used 2901K, capacity 3038K, committed 3072K, reserved 1048576K
Event: 19.415 GC heap after
Heap after GC invocations=8 (full 1):
 PSYoungGen      total 72192K, used 0K [0x00000000eab00000, 0x00000000f3900000, 0x0000000100000000)
  eden space 64512K, 0% used [0x00000000eab00000,0x00000000eab00000,0x00000000eea00000)
  from space 7680K, 0% used [0x00000000eea00000,0x00000000eea00000,0x00000000ef180000)
  to   space 8192K, 0% used [0x00000000f3100000,0x00000000f3100000,0x00000000f3900000)
 ParOldGen       total 37376K, used 10453K [0x00000000c0000000, 0x00000000c2480000, 0x00000000eab00000)
  object space 37376K, 27% used [0x00000000c0000000,0x00000000c0a35670,0x00000000c2480000)
 Metaspace       used 20815K, capacity 21200K, committed 21248K, reserved 1067008K
  class space    used 2901K, capacity 3038K, committed 3072K, reserved 1048576K
}
Event: 24.229 GC heap before
{Heap before GC invocations=9 (full 1):
 PSYoungGen      total 72192K, used 64512K [0x00000000eab00000, 0x00000000f3900000, 0x0000000100000000)
  eden space 64512K, 100% used [0x00000000eab00000,0x00000000eea00000,0x00000000eea00000)
  from space 7680K, 0% used [0x00000000eea00000,0x00000000eea00000,0x00000000ef180000)
  to   space 8192K, 0% used [0x00000000f3100000,0x00000000f3100000,0x00000000f3900000)
 ParOldGen       total 37376K, used 10453K [0x00000000c0000000, 0x00000000c2480000, 0x00000000eab00000)
  object space 37376K, 27% used [0x00000000c0000000,0x00000000c0a35670,0x00000000c2480000)
 Metaspace       used 26624K, capacity 27120K, committed 27136K, reserved 1073152K
  class space    used 3667K, capacity 3829K, committed 3840K, reserved 1048576K
Event: 24.257 GC heap after
Heap after GC invocations=9 (full 1):
 PSYoungGen      total 109056K, used 7195K [0x00000000eab00000, 0x00000000f3880000, 0x0000000100000000)
  eden space 101376K, 0% used [0x00000000eab00000,0x00000000eab00000,0x00000000f0e00000)
  from space 7680K, 93% used [0x00000000f3100000,0x00000000f3806fb8,0x00000000f3880000)
  to   space 8704K, 0% used [0x00000000f2780000,0x00000000f2780000,0x00000000f3000000)
 ParOldGen       total 37376K, used 10461K [0x00000000c0000000, 0x00000000c2480000, 0x00000000eab00000)
  object space 37376K, 27% used [0x00000000c0000000,0x00000000c0a37670,0x00000000c2480000)
 Metaspace       used 26624K, capacity 27120K, committed 27136K, reserved 1073152K
  class space    used 3667K, capacity 3829K, committed 3840K, reserved 1048576K
}
Event: 42.376 GC heap before
{Heap before GC invocations=10 (full 1):
 PSYoungGen      total 109056K, used 96289K [0x00000000eab00000, 0x00000000f3880000, 0x0000000100000000)
  eden space 101376K, 87% used [0x00000000eab00000,0x00000000f02016b0,0x00000000f0e00000)
  from space 7680K, 93% used [0x00000000f3100000,0x00000000f3806fb8,0x00000000f3880000)
  to   space 8704K, 0% used [0x00000000f2780000,0x00000000f2780000,0x00000000f3000000)
 ParOldGen       total 37376K, used 10461K [0x00000000c0000000, 0x00000000c2480000, 0x00000000eab00000)
  object space 37376K, 27% used [0x00000000c0000000,0x00000000c0a37670,0x00000000c2480000)
 Metaspace       used 34716K, capacity 35246K, committed 35416K, reserved 1079296K
  class space    used 4781K, capacity 4967K, committed 4992K, reserved 1048576K
Event: 42.427 GC heap after
Heap after GC invocations=10 (full 1):
 PSYoungGen      total 136192K, used 8701K [0x00000000eab00000, 0x00000000f4400000, 0x0000000100000000)
  eden space 127488K, 0% used [0x00000000eab00000,0x00000000eab00000,0x00000000f2780000)
  from space 8704K, 99% used [0x00000000f2780000,0x00000000f2fff738,0x00000000f3000000)
  to   space 11776K, 0% used [0x00000000f3880000,0x00000000f3880000,0x00000000f4400000)
 ParOldGen       total 37376K, used 14605K [0x00000000c0000000, 0x00000000c2480000, 0x00000000eab00000)
  object space 37376K, 39% used [0x00000000c0000000,0x00000000c0e43548,0x00000000c2480000)
 Metaspace       used 34716K, capacity 35246K, committed 35416K, reserved 1079296K
  class space    used 4781K, capacity 4967K, committed 4992K, reserved 1048576K
}
Event: 42.427 GC heap before
{Heap before GC invocations=11 (full 2):
 PSYoungGen      total 136192K, used 8701K [0x00000000eab00000, 0x00000000f4400000, 0x0000000100000000)
  eden space 127488K, 0% used [0x00000000eab00000,0x00000000eab00000,0x00000000f2780000)
  from space 8704K, 99% used [0x00000000f2780000,0x00000000f2fff738,0x00000000f3000000)
  to   space 11776K, 0% used [0x00000000f3880000,0x00000000f3880000,0x00000000f4400000)
 ParOldGen       total 37376K, used 14605K [0x00000000c0000000, 0x00000000c2480000, 0x00000000eab00000)
  object space 37376K, 39% used [0x00000000c0000000,0x00000000c0e43548,0x00000000c2480000)
 Metaspace       used 34716K, capacity 35246K, committed 35416K, reserved 1079296K
  class space    used 4781K, capacity 4967K, committed 4992K, reserved 1048576K
Event: 42.604 GC heap after
Heap after GC invocations=11 (full 2):
 PSYoungGen      total 136192K, used 0K [0x00000000eab00000, 0x00000000f4400000, 0x0000000100000000)
  eden space 127488K, 0% used [0x00000000eab00000,0x00000000eab00000,0x00000000f2780000)
  from space 8704K, 0% used [0x00000000f2780000,0x00000000f2780000,0x00000000f3000000)
  to   space 11776K, 0% used [0x00000000f3880000,0x00000000f3880000,0x00000000f4400000)
 ParOldGen       total 57856K, used 19130K [0x00000000c0000000, 0x00000000c3880000, 0x00000000eab00000)
  object space 57856K, 33% used [0x00000000c0000000,0x00000000c12ae8b8,0x00000000c3880000)
 Metaspace       used 34716K, capacity 35246K, committed 35416K, reserved 1079296K
  class space    used 4781K, capacity 4967K, committed 4992K, reserved 1048576K
}

Deoptimization events (10 events):
Event: 40.368 Thread 0x00000000174c9000 Uncommon trap: reason=class_check action=maybe_recompile pc=0x000000000354a4f0 method=java.io.BufferedInputStream.read1([BII)I @ 39
Event: 40.368 Thread 0x00000000174c9000 Uncommon trap: reason=class_check action=maybe_recompile pc=0x000000000354a4f0 method=java.io.BufferedInputStream.read1([BII)I @ 39
Event: 40.368 Thread 0x00000000174c9000 Uncommon trap: reason=class_check action=maybe_recompile pc=0x000000000354a4f0 method=java.io.BufferedInputStream.read1([BII)I @ 39
Event: 41.067 Thread 0x00000000174c9000 Uncommon trap: reason=unstable_if action=reinterpret pc=0x000000000399080c method=sun.misc.MetaIndex.mayContain(Ljava/lang/String;)Z @ 38
Event: 43.461 Thread 0x00000000174c9000 Uncommon trap: reason=unstable_if action=reinterpret pc=0x0000000003b7d14c method=java.util.concurrent.ConcurrentHashMap.get(Ljava/lang/Object;)Ljava/lang/Object; @ 76
Event: 44.081 Thread 0x00000000174c9000 Uncommon trap: reason=unstable_if action=reinterpret pc=0x0000000003c2c034 method=java.util.HashMap.putVal(ILjava/lang/Object;Ljava/lang/Object;ZZ)Ljava/lang/Object; @ 162
Event: 44.081 Thread 0x00000000174c9000 Uncommon trap: reason=unstable_if action=reinterpret pc=0x0000000003c1da5c method=java.util.HashMap.putVal(ILjava/lang/Object;Ljava/lang/Object;ZZ)Ljava/lang/Object; @ 162
Event: 44.082 Thread 0x00000000174c9000 Uncommon trap: reason=unstable_if action=reinterpret pc=0x0000000003852c44 method=java.util.HashMap.resize()[Ljava/util/HashMap$Node; @ 206
Event: 44.430 Thread 0x00000000174c9000 Uncommon trap: reason=unstable_if action=reinterpret pc=0x0000000003e732fc method=java.lang.reflect.Modifier.toString(I)Ljava/lang/String; @ 123
Event: 44.434 Thread 0x00000000174c9000 Uncommon trap: reason=unstable_if action=reinterpret pc=0x0000000003e7b7a0 method=java.lang.reflect.Modifier.toString(I)Ljava/lang/String; @ 123

Classes redefined (0 events):
No events

Internal exceptions (10 events):
Event: 39.651 Thread 0x00000000174c9000 Exception <a 'java/lang/ClassNotFoundException': org/gradle/api/internal/AbstractTaskCustomizer> (0x00000000ee81d530) thrown at [D:\src\AOSP-openjdk-cygwin\jdk8u\hotspot\src\share\vm\classfile\systemDictionary.cpp, line 210]
Event: 39.660 Thread 0x00000000174c9000 Exception <a 'java/lang/ClassNotFoundException': org/gradle/api/DefaultTaskCustomizer> (0x00000000ee8a5248) thrown at [D:\src\AOSP-openjdk-cygwin\jdk8u\hotspot\src\share\vm\classfile\systemDictionary.cpp, line 210]
Event: 39.663 Thread 0x00000000174c9000 Exception <a 'java/lang/ClassNotFoundException': org/gradle/api/internal/ConventionTaskCustomizer> (0x00000000ee8dea70) thrown at [D:\src\AOSP-openjdk-cygwin\jdk8u\hotspot\src\share\vm\classfile\systemDictionary.cpp, line 210]
Event: 39.667 Thread 0x00000000174c9000 Exception <a 'java/lang/ClassNotFoundException': org/gradle/api/tasks/DeleteCustomizer> (0x00000000ee9161a0) thrown at [D:\src\AOSP-openjdk-cygwin\jdk8u\hotspot\src\share\vm\classfile\systemDictionary.cpp, line 210]
Event: 39.671 Thread 0x00000000174c9000 Exception <a 'java/lang/ClassNotFoundException': org/gradle/api/tasks/Delete_DecoratedCustomizer> (0x00000000ee95b288) thrown at [D:\src\AOSP-openjdk-cygwin\jdk8u\hotspot\src\share\vm\classfile\systemDictionary.cpp, line 210]
Event: 39.867 Thread 0x00000000174c9000 Exception <a 'java/lang/ClassNotFoundException': build_8u8eei4463zcr86r7wi8ixr9fBeanInfo> (0x00000000eea69df0) thrown at [D:\src\AOSP-openjdk-cygwin\jdk8u\hotspot\src\share\vm\classfile\systemDictionary.cpp, line 210]
Event: 39.868 Thread 0x00000000174c9000 Exception <a 'java/lang/ClassNotFoundException': build_8u8eei4463zcr86r7wi8ixr9fCustomizer> (0x00000000eea742d0) thrown at [D:\src\AOSP-openjdk-cygwin\jdk8u\hotspot\src\share\vm\classfile\systemDictionary.cpp, line 210]
Event: 39.878 Thread 0x00000000174c9000 Exception <a 'java/lang/ClassNotFoundException': org/gradle/api/internal/plugins/DefaultObjectConfigurationActionBeanInfo> (0x00000000eead9398) thrown at [D:\src\AOSP-openjdk-cygwin\jdk8u\hotspot\src\share\vm\classfile\systemDictionary.cpp, line 210]
Event: 39.880 Thread 0x00000000174c9000 Exception <a 'java/lang/ClassNotFoundException': org/gradle/api/internal/plugins/DefaultObjectConfigurationActionCustomizer> (0x00000000eeb0f688) thrown at [D:\src\AOSP-openjdk-cygwin\jdk8u\hotspot\src\share\vm\classfile\systemDictionary.cpp, line 210]
Event: 43.323 Thread 0x00000000174c9000 Exception <a 'sun/nio/fs/WindowsException'> (0x00000000eafe42a8) thrown at [D:\src\AOSP-openjdk-cygwin\jdk8u\hotspot\src\share\vm\prims\jni.cpp, line 709]

Events (10 events):
Event: 44.709 Thread 0x0000000015aca000 flushing nmethod 0x000000000388c0d0
Event: 44.710 Thread 0x0000000015aca000 flushing nmethod 0x00000000038d4950
Event: 44.710 Thread 0x0000000015aca000 flushing nmethod 0x00000000038f9b50
Event: 44.711 Thread 0x0000000015aca000 flushing nmethod 0x0000000003966d90
Event: 44.711 Thread 0x0000000015aca000 flushing nmethod 0x00000000039957d0
Event: 44.724 Thread 0x0000000015aca000 flushing nmethod 0x0000000003b2dc50
Event: 44.724 Thread 0x0000000015aca000 flushing nmethod 0x0000000003b2e010
Event: 44.724 Thread 0x0000000015aca000 flushing nmethod 0x0000000003b3c210
Event: 44.771 loading class org/gradle/api/artifacts/type/ArtifactTypeDefinition
Event: 44.771 loading class org/gradle/api/artifacts/type/ArtifactTypeDefinition done


Dynamic libraries:
0x00007ff7bd4a0000 - 0x00007ff7bd4d1000 	C:\Program Files\Android\Android Studio\jre\bin\java.exe
0x00007ffe2e1b0000 - 0x00007ffe2e391000 	C:\WINDOWS\SYSTEM32\ntdll.dll
0x00007ffe2b810000 - 0x00007ffe2b8c2000 	C:\WINDOWS\System32\KERNEL32.DLL
0x00007ffe2b180000 - 0x00007ffe2b3f3000 	C:\WINDOWS\System32\KERNELBASE.dll
0x00007ffe2b8d0000 - 0x00007ffe2b971000 	C:\WINDOWS\System32\ADVAPI32.dll
0x00007ffe2da50000 - 0x00007ffe2daee000 	C:\WINDOWS\System32\msvcrt.dll
0x00007ffe2c190000 - 0x00007ffe2c1eb000 	C:\WINDOWS\System32\sechost.dll
0x00007ffe2b980000 - 0x00007ffe2baa4000 	C:\WINDOWS\System32\RPCRT4.dll
0x00007ffe2bc80000 - 0x00007ffe2be10000 	C:\WINDOWS\System32\USER32.dll
0x00007ffe2b400000 - 0x00007ffe2b420000 	C:\WINDOWS\System32\win32u.dll
0x00007ffe2daf0000 - 0x00007ffe2db18000 	C:\WINDOWS\System32\GDI32.dll
0x00007ffe2acf0000 - 0x00007ffe2ae82000 	C:\WINDOWS\System32\gdi32full.dll
0x00007ffe2b520000 - 0x00007ffe2b5bf000 	C:\WINDOWS\System32\msvcp_win.dll
0x00007ffe2ae90000 - 0x00007ffe2af8a000 	C:\WINDOWS\System32\ucrtbase.dll
0x00007ffe1a800000 - 0x00007ffe1aa69000 	C:\WINDOWS\WinSxS\amd64_microsoft.windows.common-controls_6595b64144ccf1df_6.0.17134.165_none_fb429645306569ac\COMCTL32.dll
0x00007ffe2d720000 - 0x00007ffe2da43000 	C:\WINDOWS\System32\combase.dll
0x00007ffe2b5c0000 - 0x00007ffe2b63a000 	C:\WINDOWS\System32\bcryptPrimitives.dll
0x00007ffe2bc50000 - 0x00007ffe2bc7d000 	C:\WINDOWS\System32\IMM32.DLL
0x000000005ec60000 - 0x000000005ed32000 	C:\Program Files\Android\Android Studio\jre\jre\bin\msvcr100.dll
0x000000005d790000 - 0x000000005dfcf000 	C:\Program Files\Android\Android Studio\jre\jre\bin\server\jvm.dll
0x00007ffe2b6a0000 - 0x00007ffe2b6a8000 	C:\WINDOWS\System32\PSAPI.DLL
0x00007ffe283f0000 - 0x00007ffe28413000 	C:\WINDOWS\SYSTEM32\WINMM.dll
0x00007ffe26b40000 - 0x00007ffe26b4a000 	C:\WINDOWS\SYSTEM32\VERSION.dll
0x00007ffe26730000 - 0x00007ffe26739000 	C:\WINDOWS\SYSTEM32\WSOCK32.dll
0x00007ffe283c0000 - 0x00007ffe283ea000 	C:\WINDOWS\SYSTEM32\WINMMBASE.dll
0x00007ffe2bee0000 - 0x00007ffe2bf4c000 	C:\WINDOWS\System32\WS2_32.dll
0x00007ffe2b4d0000 - 0x00007ffe2b519000 	C:\WINDOWS\System32\cfgmgr32.dll
0x00007ffe25ea0000 - 0x00007ffe25eaf000 	C:\Program Files\Android\Android Studio\jre\jre\bin\verify.dll
0x00007ffe18770000 - 0x00007ffe18799000 	C:\Program Files\Android\Android Studio\jre\jre\bin\java.dll
0x00007ffe19630000 - 0x00007ffe19646000 	C:\Program Files\Android\Android Studio\jre\jre\bin\zip.dll
0x00007ffe2c2e0000 - 0x00007ffe2d720000 	C:\WINDOWS\System32\SHELL32.dll
0x00007ffe2c070000 - 0x00007ffe2c119000 	C:\WINDOWS\System32\shcore.dll
0x00007ffe2a580000 - 0x00007ffe2ac8d000 	C:\WINDOWS\System32\windows.storage.dll
0x00007ffe2c010000 - 0x00007ffe2c061000 	C:\WINDOWS\System32\shlwapi.dll
0x00007ffe2a540000 - 0x00007ffe2a551000 	C:\WINDOWS\System32\kernel.appcore.dll
0x00007ffe2a560000 - 0x00007ffe2a57f000 	C:\WINDOWS\System32\profapi.dll
0x00007ffe2a4c0000 - 0x00007ffe2a50c000 	C:\WINDOWS\System32\powrprof.dll
0x00007ffe2a510000 - 0x00007ffe2a51a000 	C:\WINDOWS\System32\FLTLIB.DLL
0x00007ffe186a0000 - 0x00007ffe186ba000 	C:\Program Files\Android\Android Studio\jre\jre\bin\net.dll
0x00007ffe29ce0000 - 0x00007ffe29d46000 	C:\WINDOWS\system32\mswsock.dll
0x00007ffe24760000 - 0x00007ffe24771000 	C:\Program Files\Android\Android Studio\jre\jre\bin\nio.dll
0x00007ffe19d30000 - 0x00007ffe19d4e000 	C:\Users\Tomica\.gradle\native\25\windows-amd64\native-platform.dll
0x00007ffe284a0000 - 0x00007ffe284ad000 	C:\Program Files\Android\Android Studio\jre\jre\bin\management.dll
0x00007ffe29e90000 - 0x00007ffe29ea7000 	C:\WINDOWS\SYSTEM32\CRYPTSP.dll
0x00007ffe298c0000 - 0x00007ffe298f3000 	C:\WINDOWS\system32\rsaenh.dll
0x00007ffe29fc0000 - 0x00007ffe29fe5000 	C:\WINDOWS\SYSTEM32\bcrypt.dll
0x00007ffe2a3c0000 - 0x00007ffe2a3e8000 	C:\WINDOWS\SYSTEM32\USERENV.dll
0x00007ffe29eb0000 - 0x00007ffe29ebb000 	C:\WINDOWS\SYSTEM32\CRYPTBASE.dll
0x00007ffe29a60000 - 0x00007ffe29a98000 	C:\WINDOWS\SYSTEM32\IPHLPAPI.DLL
0x00007ffe2dca0000 - 0x00007ffe2dca8000 	C:\WINDOWS\System32\NSI.dll
0x00007ffe26b00000 - 0x00007ffe26b16000 	C:\WINDOWS\SYSTEM32\dhcpcsvc6.DLL
0x00007ffe26ae0000 - 0x00007ffe26afa000 	C:\WINDOWS\SYSTEM32\dhcpcsvc.DLL

VM Arguments:
jvm_args: -Xmx1024m -Dfile.encoding=windows-1252 -Duser.country=US -Duser.language=en -Duser.variant 
java_command: org.gradle.launcher.daemon.bootstrap.GradleDaemon 4.4
java_class_path (initial): C:\Users\Tomica\.gradle\wrapper\dists\gradle-4.4-all\9br9xq1tocpiv8o6njlyu5op1\gradle-4.4\lib\gradle-launcher-4.4.jar
Launcher Type: SUN_STANDARD

Environment Variables:
PATH=C:\ProgramData\Oracle\Java\javapath;C:\Program Files (x86)\Lenovo\FusionEngine;C:\Program Files (x86)\Intel\TXE Components\TCS\;C:\Program Files\Intel\TXE Components\TCS\;C:\WINDOWS\system32;C:\WINDOWS;C:\WINDOWS\System32\Wbem;C:\WINDOWS\System32\WindowsPowerShell\v1.0\;C:\Program Files\Intel\WiFi\bin\;C:\Program Files\Common Files\Intel\WirelessCommon\;C:\Program Files (x86)\Common Files\lenovo\easyplussdk\bin;C:\Program Files (x86)\QuickTime\QTSystem\;C:\MinGW\bin\;C:\Program Files (x86)\Notepad++;C:\Program Files (x86)\Windows Live\Shared;C:\Program Files\dotnet\;C:\WINDOWS\System32\OpenSSH\;C:\Users\Tomica\AppData\Local\Microsoft\WindowsApps
USERNAME=Tomica
OS=Windows_NT
PROCESSOR_IDENTIFIER=Intel64 Family 6 Model 55 Stepping 8, GenuineIntel



---------------  S Y S T E M  ---------------

OS: Windows 10.0 , 64 bit Build 17134 (10.0.17134.1)

CPU:total 4 (initial active 4) (4 cores per cpu, 1 threads per core) family 6 model 55 stepping 8, cmov, cx8, fxsr, mmx, sse, sse2, sse3, ssse3, sse4.1, sse4.2, popcnt, clmul, erms, 3dnowpref, tsc, tscinvbit

Memory: 4k page, physical 4074708k(591440k free), swap 5501140k(6200k free)

vm_info: OpenJDK 64-Bit Server VM (25.152-b02) for windows-amd64 JRE (1.8.0_152-release-1024-b02), built by "builder" with MS VC++ 10.0 (VS2010)

time: Sun Sep 02 14:43:07 2018
elapsed time: 45 seconds (0d 0h 0m 45s)

